<?xml version="1.0" encoding="UTF-8" ?>
<testsuite tests="57" failures="0" name="org.jfree.data.general.DatasetUtilitiesTest" time="0.016" errors="0" skipped="0">
  <properties>
    <property name="java.runtime.name" value="Java(TM) SE Runtime Environment"/>
    <property name="sun.boot.library.path" value="C:\jdk1.8.0_111\New folder\bin"/>
    <property name="java.vm.version" value="25.111-b14"/>
    <property name="user.country.format" value="TH"/>
    <property name="java.vm.vendor" value="Oracle Corporation"/>
    <property name="maven.multiModuleProjectDirectory" value="C:\Users\Probook\git\phd"/>
    <property name="java.vendor.url" value="http://java.oracle.com/"/>
    <property name="path.separator" value=";"/>
    <property name="guice.disable.misplaced.annotation.check" value="true"/>
    <property name="java.vm.name" value="Java HotSpot(TM) 64-Bit Server VM"/>
    <property name="file.encoding.pkg" value="sun.io"/>
    <property name="user.script" value=""/>
    <property name="user.country" value="US"/>
    <property name="sun.java.launcher" value="SUN_STANDARD"/>
    <property name="sun.os.patch.level" value=""/>
    <property name="java.vm.specification.name" value="Java Virtual Machine Specification"/>
    <property name="user.dir" value="C:\Users\Probook\git\phd"/>
    <property name="java.runtime.version" value="1.8.0_111-b14"/>
    <property name="java.awt.graphicsenv" value="sun.awt.Win32GraphicsEnvironment"/>
    <property name="java.endorsed.dirs" value="C:\jdk1.8.0_111\New folder\lib\endorsed"/>
    <property name="os.arch" value="amd64"/>
    <property name="java.io.tmpdir" value="C:\Users\Probook\AppData\Local\Temp\"/>
    <property name="line.separator" value="
"/>
    <property name="java.vm.specification.vendor" value="Oracle Corporation"/>
    <property name="user.variant" value=""/>
    <property name="os.name" value="Windows 8.1"/>
    <property name="classworlds.conf" value="C:\Users\Probook\workspacePhd\.metadata\.plugins\org.eclipse.m2e.launching\launches\m2conf1485167850657769740.tmp"/>
    <property name="sun.jnu.encoding" value="MS874"/>
    <property name="java.library.path" value="C:\jdk1.8.0_111\New folder\bin;C:\Windows\Sun\Java\bin;C:\Windows\system32;C:\Windows;C:/jdk1.8.0_111/New folder/bin/server;C:/jdk1.8.0_111/New folder/bin;C:/jdk1.8.0_111/New folder/lib/amd64;C:\ProgramData\Oracle\Java\javapath;C:\Windows\system32;C:\Windows;C:\Windows\System32\Wbem;C:\Windows\System32\WindowsPowerShell\v1.0\;C:\jdk1.8.0_111\bin;C:\Program Files (x86)\MiKTeX 2.9\miktex\bin\;C:\Program Files (x86)\Skype\Phone\;C:\Program Files\SciTools/bin/pc-win64;C:\jdk1.8.0_111\bin;C:\Users\Probook\Desktop;;."/>
    <property name="java.specification.name" value="Java Platform API Specification"/>
    <property name="java.class.version" value="52.0"/>
    <property name="sun.management.compiler" value="HotSpot 64-Bit Tiered Compilers"/>
    <property name="os.version" value="6.3"/>
    <property name="user.home" value="C:\Users\Probook"/>
    <property name="user.timezone" value="Asia/Bangkok"/>
    <property name="java.awt.printerjob" value="sun.awt.windows.WPrinterJob"/>
    <property name="java.specification.version" value="1.8"/>
    <property name="file.encoding" value="MS874"/>
    <property name="user.name" value="Panita"/>
    <property name="java.class.path" value="/C:/Users/Probook/eclipse/jee-neon/eclipse/../../../.p2/pool/plugins/org.eclipse.m2e.maven.runtime_1.7.0.20160603-1931/jars/plexus-classworlds-2.5.2.jar"/>
    <property name="java.vm.specification.version" value="1.8"/>
    <property name="sun.arch.data.model" value="64"/>
    <property name="java.home" value="C:\jdk1.8.0_111\New folder"/>
    <property name="sun.java.command" value="org.codehaus.plexus.classworlds.launcher.Launcher -B package"/>
    <property name="java.specification.vendor" value="Oracle Corporation"/>
    <property name="user.language" value="en"/>
    <property name="user.language.format" value="th"/>
    <property name="awt.toolkit" value="sun.awt.windows.WToolkit"/>
    <property name="java.vm.info" value="mixed mode"/>
    <property name="java.version" value="1.8.0_111"/>
    <property name="java.ext.dirs" value="C:\jdk1.8.0_111\New folder\lib\ext;C:\Windows\Sun\Java\lib\ext"/>
    <property name="sun.boot.class.path" value="C:\jdk1.8.0_111\New folder\lib\resources.jar;C:\jdk1.8.0_111\New folder\lib\rt.jar;C:\jdk1.8.0_111\New folder\lib\sunrsasign.jar;C:\jdk1.8.0_111\New folder\lib\jsse.jar;C:\jdk1.8.0_111\New folder\lib\jce.jar;C:\jdk1.8.0_111\New folder\lib\charsets.jar;C:\jdk1.8.0_111\New folder\lib\jfr.jar;C:\jdk1.8.0_111\New folder\classes"/>
    <property name="java.vendor" value="Oracle Corporation"/>
    <property name="maven.home" value="C:\Users\Probook\git\phd\EMBEDDED"/>
    <property name="file.separator" value="\"/>
    <property name="java.vendor.url.bug" value="http://bugreport.sun.com/bugreport/"/>
    <property name="sun.cpu.endian" value="little"/>
    <property name="sun.io.unicode.encoding" value="UnicodeLittle"/>
    <property name="sun.desktop" value="windows"/>
    <property name="sun.cpu.isalist" value="amd64"/>
  </properties>
  <testcase classname="org.jfree.data.general.DatasetUtilitiesTest" name="testIterateDomainBounds_NaN2" time="0"/>
  <testcase classname="org.jfree.data.general.DatasetUtilitiesTest" name="testIterateToFindRangeBounds_StatisticalCategoryDataset" time="0"/>
  <testcase classname="org.jfree.data.general.DatasetUtilitiesTest" name="testFindStackedRangeBoundsForTableXYDataset1" time="0"/>
  <testcase classname="org.jfree.data.general.DatasetUtilitiesTest" name="testFindStackedRangeBoundsForTableXYDataset2" time="0"/>
  <testcase classname="org.jfree.data.general.DatasetUtilitiesTest" name="testLimitPieDataset" time="0"/>
  <testcase classname="org.jfree.data.general.DatasetUtilitiesTest" name="testIterateRangeBounds" time="0"/>
  <testcase classname="org.jfree.data.general.DatasetUtilitiesTest" name="testMaximumStackedRangeValue" time="0"/>
  <testcase classname="org.jfree.data.general.DatasetUtilitiesTest" name="testFindRangeBounds2" time="0.001"/>
  <testcase classname="org.jfree.data.general.DatasetUtilitiesTest" name="testBug2849731" time="0.002"/>
  <testcase classname="org.jfree.data.general.DatasetUtilitiesTest" name="testFindYValueNonSorted" time="0.001"/>
  <testcase classname="org.jfree.data.general.DatasetUtilitiesTest" name="testIterateRangeBounds_CategoryDataset" time="0"/>
  <testcase classname="org.jfree.data.general.DatasetUtilitiesTest" name="testIterateToFindRangeBounds1_XYDataset" time="0"/>
  <testcase classname="org.jfree.data.general.DatasetUtilitiesTest" name="testIterateRangeBounds2" time="0"/>
  <testcase classname="org.jfree.data.general.DatasetUtilitiesTest" name="testIterateRangeBounds3" time="0"/>
  <testcase classname="org.jfree.data.general.DatasetUtilitiesTest" name="testIterateRangeBounds4" time="0.001"/>
  <testcase classname="org.jfree.data.general.DatasetUtilitiesTest" name="testCumulativeRange1" time="0"/>
  <testcase classname="org.jfree.data.general.DatasetUtilitiesTest" name="testCumulativeRange2" time="0"/>
  <testcase classname="org.jfree.data.general.DatasetUtilitiesTest" name="testCumulativeRange3" time="0"/>
  <testcase classname="org.jfree.data.general.DatasetUtilitiesTest" name="testJava" time="0.001"/>
  <testcase classname="org.jfree.data.general.DatasetUtilitiesTest" name="testFindMinimumRangeValue" time="0"/>
  <testcase classname="org.jfree.data.general.DatasetUtilitiesTest" name="testFindStackedRangeBounds_CategoryDataset1" time="0"/>
  <testcase classname="org.jfree.data.general.DatasetUtilitiesTest" name="testFindStackedRangeBounds_CategoryDataset2" time="0"/>
  <testcase classname="org.jfree.data.general.DatasetUtilitiesTest" name="testFindStackedRangeBounds_CategoryDataset3" time="0"/>
  <testcase classname="org.jfree.data.general.DatasetUtilitiesTest" name="testFindMaximumDomainValue" time="0.001"/>
  <testcase classname="org.jfree.data.general.DatasetUtilitiesTest" name="testIterateToFindRangeBounds_BoxAndWhiskerXYDataset" time="0"/>
  <testcase classname="org.jfree.data.general.DatasetUtilitiesTest" name="testIterateRangeBounds2_CategoryDataset" time="0"/>
  <testcase classname="org.jfree.data.general.DatasetUtilitiesTest" name="testStackedRangeWithMap" time="0"/>
  <testcase classname="org.jfree.data.general.DatasetUtilitiesTest" name="testFindYValue" time="0"/>
  <testcase classname="org.jfree.data.general.DatasetUtilitiesTest" name="testFindYValueWithDuplicates" time="0.001"/>
  <testcase classname="org.jfree.data.general.DatasetUtilitiesTest" name="testFindMaximumStackedRangeValue" time="0"/>
  <testcase classname="org.jfree.data.general.DatasetUtilitiesTest" name="testFindMinimumStackedRangeValue" time="0.001"/>
  <testcase classname="org.jfree.data.general.DatasetUtilitiesTest" name="testFindDomainBounds_NaN" time="0"/>
  <testcase classname="org.jfree.data.general.DatasetUtilitiesTest" name="testFindRangeBounds" time="0"/>
  <testcase classname="org.jfree.data.general.DatasetUtilitiesTest" name="testIterateDomainBounds_NaN" time="0"/>
  <testcase classname="org.jfree.data.general.DatasetUtilitiesTest" name="testFindMinimumStackedRangeValue2" time="0.001"/>
  <testcase classname="org.jfree.data.general.DatasetUtilitiesTest" name="testSampleFunction2D" time="0"/>
  <testcase classname="org.jfree.data.general.DatasetUtilitiesTest" name="testIterateToFindRangeBounds_MultiValueCategoryDataset" time="0"/>
  <testcase classname="org.jfree.data.general.DatasetUtilitiesTest" name="testFindMaximumStackedRangeValue2" time="0.001"/>
  <testcase classname="org.jfree.data.general.DatasetUtilitiesTest" name="testIterateRangeBounds3_CategoryDataset" time="0"/>
  <testcase classname="org.jfree.data.general.DatasetUtilitiesTest" name="testIsEmptyOrNullXYDataset" time="0"/>
  <testcase classname="org.jfree.data.general.DatasetUtilitiesTest" name="test803660" time="0"/>
  <testcase classname="org.jfree.data.general.DatasetUtilitiesTest" name="testFindMaximumRangeValue" time="0.001"/>
  <testcase classname="org.jfree.data.general.DatasetUtilitiesTest" name="testMinMaxRange" time="0"/>
  <testcase classname="org.jfree.data.general.DatasetUtilitiesTest" name="testIterateToFindRangeBounds2_XYDataset" time="0"/>
  <testcase classname="org.jfree.data.general.DatasetUtilitiesTest" name="testCalculatePieDatasetTotal" time="0"/>
  <testcase classname="org.jfree.data.general.DatasetUtilitiesTest" name="testFindRangeBounds_CategoryDataset" time="0"/>
  <testcase classname="org.jfree.data.general.DatasetUtilitiesTest" name="testFindDomainBounds" time="0.001"/>
  <testcase classname="org.jfree.data.general.DatasetUtilitiesTest" name="testCreateCategoryDataset1" time="0"/>
  <testcase classname="org.jfree.data.general.DatasetUtilitiesTest" name="testCreateCategoryDataset2" time="0"/>
  <testcase classname="org.jfree.data.general.DatasetUtilitiesTest" name="testIterateRangeBounds_IntervalCategoryDataset" time="0"/>
  <testcase classname="org.jfree.data.general.DatasetUtilitiesTest" name="testBug2849731_2" time="0"/>
  <testcase classname="org.jfree.data.general.DatasetUtilitiesTest" name="testBug2849731_3" time="0"/>
  <testcase classname="org.jfree.data.general.DatasetUtilitiesTest" name="testIterateDomainBounds" time="0.001"/>
  <testcase classname="org.jfree.data.general.DatasetUtilitiesTest" name="testCumulativeRange_NaN" time="0"/>
  <testcase classname="org.jfree.data.general.DatasetUtilitiesTest" name="testFindDomainBounds2" time="0"/>
  <testcase classname="org.jfree.data.general.DatasetUtilitiesTest" name="testFindDomainBounds3" time="0"/>
  <testcase classname="org.jfree.data.general.DatasetUtilitiesTest" name="testFindMinimumDomainValue" time="0"/>
</testsuite>