<?xml version="1.0" encoding="UTF-8" ?>
<testsuite failures="0" time="0.105" errors="0" skipped="0" tests="18" name="org.jfree.chart.renderer.category.BoxAndWhiskerRendererTest">
  <properties>
    <property name="java.runtime.name" value="Java(TM) SE Runtime Environment"/>
    <property name="sun.boot.library.path" value="C:\Program Files\Java\jre7\bin"/>
    <property name="java.vm.version" value="24.75-b04"/>
    <property name="user.country.format" value="TH"/>
    <property name="java.vm.vendor" value="Oracle Corporation"/>
    <property name="maven.multiModuleProjectDirectory" value="C:\Rain\PHD Thesis\PhdThesis\Experiment\jfreechart-1.0.17\jfreechart-1.0.17"/>
    <property name="java.vendor.url" value="http://java.oracle.com/"/>
    <property name="path.separator" value=";"/>
    <property name="guice.disable.misplaced.annotation.check" value="true"/>
    <property name="java.vm.name" value="Java HotSpot(TM) 64-Bit Server VM"/>
    <property name="file.encoding.pkg" value="sun.io"/>
    <property name="user.script" value=""/>
    <property name="user.country" value="US"/>
    <property name="sun.java.launcher" value="SUN_STANDARD"/>
    <property name="sun.os.patch.level" value=""/>
    <property name="java.vm.specification.name" value="Java Virtual Machine Specification"/>
    <property name="user.dir" value="C:\Rain\PHD Thesis\PhdThesis\Experiment\jfreechart-1.0.17\jfreechart-1.0.17"/>
    <property name="java.runtime.version" value="1.7.0_75-b13"/>
    <property name="java.awt.graphicsenv" value="sun.awt.Win32GraphicsEnvironment"/>
    <property name="java.endorsed.dirs" value="C:\Program Files\Java\jre7\lib\endorsed"/>
    <property name="os.arch" value="amd64"/>
    <property name="java.io.tmpdir" value="C:\Users\user\AppData\Local\Temp\"/>
    <property name="line.separator" value="
"/>
    <property name="java.vm.specification.vendor" value="Oracle Corporation"/>
    <property name="user.variant" value=""/>
    <property name="os.name" value="Windows 8.1"/>
    <property name="classworlds.conf" value="C:\Users\user\workspace4\.metadata\.plugins\org.eclipse.m2e.launching\launches\m2conf6883565991563371584.tmp"/>
    <property name="sun.jnu.encoding" value="MS874"/>
    <property name="java.library.path" value="C:\Program Files\Java\jre7\bin;C:\windows\Sun\Java\bin;C:\windows\system32;C:\windows;C:/Program Files/Java/jre1.8.0_45/bin/server;C:/Program Files/Java/jre1.8.0_45/bin;C:/Program Files/Java/jre1.8.0_45/lib/amd64;C:\ProgramData\Oracle\Java\javapath;C:\Program Files (x86)\Intel\iCLS Client\;C:\Program Files\Intel\iCLS Client\;C:\windows\system32;C:\windows;C:\windows\System32\Wbem;C:\windows\System32\WindowsPowerShell\v1.0\;c:\Program Files\Intel\WiFi\bin\;c:\Program Files\Common Files\Intel\WirelessCommon\;C:\Program Files\Intel\Intel(R) Management Engine Components\DAL;C:\Program Files (x86)\Intel\Intel(R) Management Engine Components\DAL;C:\Program Files\Intel\Intel(R) Management Engine Components\IPT;C:\Program Files (x86)\Intel\Intel(R) Management Engine Components\IPT;C:\Program Files\swipl\bin;C:\Program Files\TortoiseSVN\bin;C:\Program Files (x86)\nodejs\;C:\Rain\desktop\Project\SWM\SI2\OpenBravo\apache-ant-1.9.4\bin;C:\Program Files\TortoiseHg\;C:\Program Files\Mercurial\;C:\Program Files (x86)\MiKTeX 2.9\miktex\bin\;C:\Program Files\SciTools/bin/pc-win64;C:\Program Files (x86)\pl\binà¸§C:\Program Files (x86)\Java\jre1.8.0_65\bin;C:\Program Files (x86)\Java\jre1.8.0_65\bin\client;C:\Program Files (x86)\Skype\Phone\;C:\CmmiServers\Ruby22-x64\bin;C:\Ruby22\bin;C:\Program Files\Java\jdk1.7.0_75\bin;C:\Program Files (x86)\pl\bin;C:\Users\user\AppData\Roaming\npm;C:\eclipse-jee-mar;;."/>
    <property name="java.specification.name" value="Java Platform API Specification"/>
    <property name="java.class.version" value="51.0"/>
    <property name="sun.management.compiler" value="HotSpot 64-Bit Tiered Compilers"/>
    <property name="os.version" value="6.3"/>
    <property name="user.home" value="C:\Users\user"/>
    <property name="user.timezone" value="Asia/Bangkok"/>
    <property name="java.awt.printerjob" value="sun.awt.windows.WPrinterJob"/>
    <property name="java.specification.version" value="1.7"/>
    <property name="file.encoding" value="MS874"/>
    <property name="user.name" value="Panita"/>
    <property name="java.class.path" value="/C:/eclipse-jee-mar/plugins/org.eclipse.m2e.maven.runtime_1.6.2.20150902-0001/jars/plexus-classworlds-2.5.2.jar"/>
    <property name="java.vm.specification.version" value="1.7"/>
    <property name="sun.arch.data.model" value="64"/>
    <property name="java.home" value="C:\Program Files\Java\jre7"/>
    <property name="sun.java.command" value="org.codehaus.plexus.classworlds.launcher.Launcher -B clean compile test package"/>
    <property name="java.specification.vendor" value="Oracle Corporation"/>
    <property name="user.language" value="en"/>
    <property name="user.language.format" value="th"/>
    <property name="awt.toolkit" value="sun.awt.windows.WToolkit"/>
    <property name="java.vm.info" value="mixed mode"/>
    <property name="java.version" value="1.7.0_75"/>
    <property name="java.ext.dirs" value="C:\Program Files\Java\jre7\lib\ext;C:\windows\Sun\Java\lib\ext"/>
    <property name="sun.boot.class.path" value="C:\Program Files\Java\jre7\lib\resources.jar;C:\Program Files\Java\jre7\lib\rt.jar;C:\Program Files\Java\jre7\lib\jsse.jar;C:\Program Files\Java\jre7\lib\jce.jar;C:\Program Files\Java\jre7\lib\charsets.jar;C:\Program Files\Java\jre7\lib\jfr.jar;C:\Program Files\Java\jre7\lib\ant-javafx.jar;C:\Program Files\Java\jre7\lib\jfr.jar;C:\Program Files\Java\jre7\lib\jfxrt.jar;C:\Program Files\Java\jre7\lib\tools.jar"/>
    <property name="java.vendor" value="Oracle Corporation"/>
    <property name="maven.home" value="C:\Rain\PHD Thesis\PhdThesis\Experiment\jfreechart-1.0.17\jfreechart-1.0.17\EMBEDDED"/>
    <property name="file.separator" value="\"/>
    <property name="java.vendor.url.bug" value="http://bugreport.sun.com/bugreport/"/>
    <property name="sun.cpu.endian" value="little"/>
    <property name="sun.io.unicode.encoding" value="UnicodeLittle"/>
    <property name="sun.desktop" value="windows"/>
    <property name="sun.cpu.isalist" value="amd64"/>
  </properties>
  <testcase time="0.014" classname="org.jfree.chart.renderer.category.BoxAndWhiskerRendererTest" name="testDrawWithNullInfo"/>
  <testcase time="0.007" classname="org.jfree.chart.renderer.category.BoxAndWhiskerRendererTest" name="testDrawWithNullMean"/>
  <testcase time="0.008" classname="org.jfree.chart.renderer.category.BoxAndWhiskerRendererTest" name="testDrawWithNullMinRegular"/>
  <testcase time="0.002" classname="org.jfree.chart.renderer.category.BoxAndWhiskerRendererTest" name="testSerialization"/>
  <testcase time="0.008" classname="org.jfree.chart.renderer.category.BoxAndWhiskerRendererTest" name="testBug1572478Vertical"/>
  <testcase time="0" classname="org.jfree.chart.renderer.category.BoxAndWhiskerRendererTest" name="testPublicCloneable"/>
  <testcase time="0.008" classname="org.jfree.chart.renderer.category.BoxAndWhiskerRendererTest" name="testDrawWithNullMedian"/>
  <testcase time="0.007" classname="org.jfree.chart.renderer.category.BoxAndWhiskerRendererTest" name="testDrawWithNullMaxRegular"/>
  <testcase time="0.002" classname="org.jfree.chart.renderer.category.BoxAndWhiskerRendererTest" name="testGetLegendItemSeriesIndex"/>
  <testcase time="0.008" classname="org.jfree.chart.renderer.category.BoxAndWhiskerRendererTest" name="testDrawWithNullMinOutlier"/>
  <testcase time="0" classname="org.jfree.chart.renderer.category.BoxAndWhiskerRendererTest" name="testCloning"/>
  <testcase time="0" classname="org.jfree.chart.renderer.category.BoxAndWhiskerRendererTest" name="testHashcode"/>
  <testcase time="0.008" classname="org.jfree.chart.renderer.category.BoxAndWhiskerRendererTest" name="testDrawWithNullQ1"/>
  <testcase time="0.008" classname="org.jfree.chart.renderer.category.BoxAndWhiskerRendererTest" name="testDrawWithNullQ3"/>
  <testcase time="0" classname="org.jfree.chart.renderer.category.BoxAndWhiskerRendererTest" name="testEquals"/>
  <testcase time="0.001" classname="org.jfree.chart.renderer.category.BoxAndWhiskerRendererTest" name="testGetLegendItem"/>
  <testcase time="0.008" classname="org.jfree.chart.renderer.category.BoxAndWhiskerRendererTest" name="testBug1572478Horizontal"/>
  <testcase time="0.014" classname="org.jfree.chart.renderer.category.BoxAndWhiskerRendererTest" name="testDrawWithNullMaxOutlier"/>
</testsuite>